TN:
SF:script.js
FN:12,validateFlightNumber
FN:22,fetchFlightData
FN:38,(anonymous_2)
FN:52,(anonymous_3)
FN:97,showError
FNF:5
FNH:2
FNDA:7,validateFlightNumber
FNDA:3,fetchFlightData
FNDA:0,(anonymous_2)
FNDA:0,(anonymous_3)
FNDA:0,showError
DA:4,1
DA:5,1
DA:13,7
DA:14,7
DA:23,3
DA:25,3
DA:26,3
DA:27,1
DA:30,2
DA:31,2
DA:32,1
DA:34,1
DA:38,1
DA:39,0
DA:40,0
DA:41,0
DA:44,0
DA:45,0
DA:46,0
DA:47,0
DA:48,0
DA:49,0
DA:50,0
DA:52,0
DA:53,0
DA:56,0
DA:57,0
DA:58,0
DA:60,0
DA:63,0
DA:64,0
DA:65,0
DA:69,0
DA:70,0
DA:72,0
DA:73,0
DA:74,0
DA:78,0
DA:79,0
DA:80,0
DA:81,0
DA:82,0
DA:83,0
DA:86,0
DA:90,0
DA:92,0
DA:93,0
DA:98,0
DA:99,0
DA:104,1
LF:50
LH:14
BRDA:26,0,0,1
BRDA:26,0,1,2
BRDA:31,1,0,1
BRDA:31,1,1,1
BRDA:31,2,0,2
BRDA:31,2,1,2
BRDA:31,2,2,2
BRDA:63,3,0,0
BRDA:63,3,1,0
BRDA:72,4,0,0
BRDA:72,4,1,0
BRDA:78,5,0,0
BRDA:78,5,1,0
BRDA:79,6,0,0
BRDA:79,6,1,0
BRDA:80,7,0,0
BRDA:80,7,1,0
BRDA:81,8,0,0
BRDA:81,8,1,0
BRDA:82,9,0,0
BRDA:82,9,1,0
BRDA:83,10,0,0
BRDA:83,10,1,0
BRDA:86,11,0,0
BRDA:86,11,1,0
BRF:25
BRH:7
end_of_record
